<?xml version="1.0" encoding="UTF-8"?>
<!-- Generated by org.testng.reporters.JUnitReportReporter -->
<testsuite hostname="Dell" failures="0" tests="1" name="test_class.PostTc1" time="1.154" errors="0" timestamp="2023-04-06T13:28:13 IST" skipped="0">
  <testcase classname="test_class.PostTc1" name="orchestrator" time="1.154"/>
  <system-out/>
</testsuite> <!-- test_class.PostTc1 -->
